<?xml version="1.0" encoding="UTF-8"?>
<!-- Generated by org.testng.reporters.JUnitReportReporter -->
<testsuite hostname="DESKTOP-MLVAP7K" failures="0" tests="1" name="test.LoginTest" time="7.753" errors="0" timestamp="2022-05-26T17:39:59 CDT" skipped="0">
  <testcase classname="test.LoginTest" name="validUserShouldBeAbleToLogin" time="7.753"/>
  <system-out/>
</testsuite> <!-- test.LoginTest -->
